[INFO] 17-04-2025 16:56:36 [TestNG-test=parallel pom-1] LogUtils - Click on element By.xpath: //div[@class='modal-content position-relative border-0 rounded-0']/button
[INFO] 17-04-2025 16:56:37 [TestNG-test=parallel pom-1] LogUtils - Set text customer@example.com on element By.xpath: //input[@id='email']
[INFO] 17-04-2025 16:56:37 [TestNG-test=parallel pom-1] LogUtils - Set text 123456 on element By.xpath: //input[@id='password']
[INFO] 17-04-2025 16:56:37 [TestNG-test=parallel pom-1] LogUtils - Click on element By.xpath: //button[normalize-space()='Login']
[INFO] 17-04-2025 16:56:39 [TestNG-test=parallel pom-1] LogUtils - Click on element By.xpath: (//div[@class='sidemnenu mb-3']/ul/li)[7]
[INFO] 17-04-2025 16:56:39 [TestNG-test=parallel pom-1] LogUtils - Click on element By.xpath: (//div[@class='card-body']/div[1])/div/input
[INFO] 17-04-2025 16:56:39 [TestNG-test=parallel pom-1] LogUtils - Click on element By.xpath: (//div[@class='card-body']/div[2])/div/input
[INFO] 17-04-2025 16:56:40 [TestNG-test=parallel pom-1] LogUtils - Click on element By.xpath: (//div[@class='card-body']/div[3])//div[contains(text(),'Browse')]
[INFO] 17-04-2025 16:56:40 [TestNG-test=parallel pom-1] LogUtils - Click on element By.xpath: //div[@id='aizUploaderModal']//a[normalize-space()='Upload New']
[INFO] 17-04-2025 16:56:40 [TestNG-test=parallel pom-1] LogUtils - Set text /Users/sam/Documents/LearnProject/Du-An-Auto-Selenium/src/test/resources/FileImage/samcuptest1.png on element By.xpath: //input[@class='uppy-Dashboard-input']
[INFO] 17-04-2025 16:56:40 [TestNG-test=parallel pom-1] LogUtils - Click on element By.xpath: //div[@id='aizUploaderModal']//div/div[3]/button
[INFO] 17-04-2025 16:56:41 [TestNG-test=parallel pom-1] LogUtils - Click on element By.xpath: (//div[@class='card-body']/div[3])//div[contains(text(),'Browse')]
[INFO] 17-04-2025 16:56:41 [TestNG-test=parallel pom-1] LogUtils - Click on element By.xpath: //input[@placeholder='Search your files']
[INFO] 17-04-2025 16:56:41 [TestNG-test=parallel pom-1] LogUtils - Set text Samcuptest1 on element By.xpath: //input[@placeholder='Search your files']
[INFO] 17-04-2025 16:56:43 [TestNG-test=parallel pom-1] LogUtils - Click on element By.xpath: //div[@id='aizUploaderModal']//div/div[3]/button
[INFO] 17-04-2025 16:56:43 [TestNG-test=parallel pom-1] LogUtils - Set text 123456 on element By.xpath: (//div[@class='card-body']/div[4])/div/input
[ERROR] 17-04-2025 16:56:43 [TestNG-test=parallel pom-1] LogUtils - Error in inputBasicInfo: element not interactable
  (Session info: chrome=135.0.7049.95)
Build info: version: '4.29.0', revision: '5fc1ec94cb'
System info: os.name: 'Mac OS X', os.arch: 'aarch64', os.version: '14.5', java.version: '21.0.1'
Driver info: org.openqa.selenium.chrome.ChromeDriver
Command: [115dbc6e006c02039341247444e13157, sendKeysToElement {id=f.6800CBE7C9AEFC8B71DAF2A599E39150.d.D1D0F70CABC74B0D2C863AB98FC9710B.e.129, value=[Ljava.lang.CharSequence;@6130cc96}]
Capabilities {acceptInsecureCerts: false, browserName: chrome, browserVersion: 135.0.7049.95, chrome: {chromedriverVersion: 135.0.7049.95 (de2eb485a195..., userDataDir: /var/folders/l0/655mpbdd2kg...}, fedcm:accounts: true, goog:chromeOptions: {debuggerAddress: localhost:56470}, networkConnectionEnabled: false, pageLoadStrategy: normal, platformName: mac, proxy: Proxy(), se:cdp: ws://localhost:56470/devtoo..., se:cdpVersion: 135.0.7049.95, setWindowRect: true, strictFileInteractability: false, timeouts: {implicit: 0, pageLoad: 300000, script: 30000}, unhandledPromptBehavior: dismiss and notify, webauthn:extension:credBlob: true, webauthn:extension:largeBlob: true, webauthn:extension:minPinLength: true, webauthn:extension:prf: true, webauthn:virtualAuthenticators: true}
Element: [[ChromeDriver: chrome on mac (115dbc6e006c02039341247444e13157)] -> xpath: (//div[@class='card-body']/div[5])/div/input]
Session ID: 115dbc6e006c02039341247444e13157
[INFO] 17-04-2025 22:38:52 [TestNG-test=parallel pom-4] LogUtils - Click on element By.xpath: //div[@class='modal-content position-relative border-0 rounded-0']/button
[INFO] 17-04-2025 22:38:52 [TestNG-test=parallel pom-5] LogUtils - Click on element By.xpath: //div[@class='modal-content position-relative border-0 rounded-0']/button
[INFO] 17-04-2025 22:38:53 [TestNG-test=parallel pom-5] LogUtils - Set text customer@example.com on element By.xpath: //input[@id='email']
[INFO] 17-04-2025 22:38:53 [TestNG-test=parallel pom-4] LogUtils - Set text customer@example.com on element By.xpath: //input[@id='email']
[INFO] 17-04-2025 22:38:53 [TestNG-test=parallel pom-5] LogUtils - Set text 123456 on element By.xpath: //input[@id='password']
[INFO] 17-04-2025 22:38:53 [TestNG-test=parallel pom-4] LogUtils - Set text 123456 on element By.xpath: //input[@id='password']
[INFO] 17-04-2025 22:38:53 [TestNG-test=parallel pom-5] LogUtils - Click on element By.xpath: //button[normalize-space()='Login']
[INFO] 17-04-2025 22:38:53 [TestNG-test=parallel pom-2] LogUtils - Click on element By.xpath: //div[@class='modal-content position-relative border-0 rounded-0']/button
[INFO] 17-04-2025 22:38:53 [TestNG-test=parallel pom-3] LogUtils - Click on element By.xpath: //div[@class='modal-content position-relative border-0 rounded-0']/button
[INFO] 17-04-2025 22:38:54 [TestNG-test=parallel pom-3] LogUtils - Set text customer@example.com on element By.xpath: //input[@id='email']
[INFO] 17-04-2025 22:38:54 [TestNG-test=parallel pom-2] LogUtils - Set text customer@example.com on element By.xpath: //input[@id='email']
[INFO] 17-04-2025 22:38:54 [TestNG-test=parallel pom-3] LogUtils - Set text 123456 on element By.xpath: //input[@id='password']
[INFO] 17-04-2025 22:38:54 [TestNG-test=parallel pom-2] LogUtils - Set text 123456 on element By.xpath: //input[@id='password']
[INFO] 17-04-2025 22:38:54 [TestNG-test=parallel pom-3] LogUtils - Click on element By.xpath: //button[normalize-space()='Login']
[INFO] 17-04-2025 22:38:54 [TestNG-test=parallel pom-2] LogUtils - Click on element By.xpath: //button[normalize-space()='Login']
[INFO] 17-04-2025 22:38:54 [TestNG-test=parallel pom-3] LogUtils - set data is successful
[INFO] 17-04-2025 22:38:54 [TestNG-test=parallel pom-3] LogUtils - set data is successful
[INFO] 17-04-2025 22:38:54 [TestNG-test=parallel pom-3] LogUtils - set data is successful
[INFO] 17-04-2025 22:38:54 [TestNG-test=parallel pom-3] LogUtils - set data is successful
[INFO] 17-04-2025 22:38:54 [TestNG-test=parallel pom-3] LogUtils - set data is successful
[INFO] 17-04-2025 22:38:54 [TestNG-test=parallel pom-4] LogUtils - Click on element By.xpath: //button[normalize-space()='Login']
[INFO] 17-04-2025 22:38:54 [TestNG-test=parallel pom-4] LogUtils - Click on element By.xpath: //input[@id='search']
[INFO] 17-04-2025 22:38:54 [TestNG-test=parallel pom-5] LogUtils - Click on element By.xpath: //div[@id='cart_items']
[INFO] 17-04-2025 22:38:55 [TestNG-test=parallel pom-4] LogUtils - Set text Shirt on element By.xpath: //input[@id='search']
[INFO] 17-04-2025 22:38:55 [TestNG-test=parallel pom-1] LogUtils - Click on element By.xpath: //div[@class='modal-content position-relative border-0 rounded-0']/button
[INFO] 17-04-2025 22:38:55 [TestNG-test=parallel pom-3] LogUtils - Click on element By.xpath: //input[@id='search']
[INFO] 17-04-2025 22:38:55 [TestNG-test=parallel pom-5] LogUtils - Click on element By.xpath: //div[contains(@class, 'px-3 py-2 text-center border-top')]//a[contains(text(), 'View cart')]
[INFO] 17-04-2025 22:38:56 [TestNG-test=parallel pom-1] LogUtils - Set text sam@gmail.com on element By.xpath: //input[@id='email']
[INFO] 17-04-2025 22:38:56 [TestNG-test=parallel pom-4] LogUtils - Click on element By.xpath: (//button[@type='submit'])[1]
[INFO] 17-04-2025 22:38:56 [TestNG-test=parallel pom-3] LogUtils - Set text Hoodie on element By.xpath: //input[@id='search']
[INFO] 17-04-2025 22:38:56 [TestNG-test=parallel pom-3] LogUtils - Click on element By.xpath: (//button[@type='submit'])[1]
[INFO] 17-04-2025 22:38:56 [TestNG-test=parallel pom-1] LogUtils - Set text 123456 on element By.xpath: //input[@id='password']
[INFO] 17-04-2025 22:38:56 [TestNG-test=parallel pom-1] LogUtils - Click on element By.xpath: //button[normalize-space()='Login']
[INFO] 17-04-2025 22:38:56 [TestNG-test=parallel pom-5] LogUtils - Click on element By.xpath: //section[@id='cart-summary']//div[@class='col-md-6 text-center text-md-right']/a
[INFO] 17-04-2025 22:38:56 [TestNG-test=parallel pom-2] LogUtils - Click on element By.xpath: (//div[@class='sidemnenu mb-3']/ul/li)[7]
[INFO] 17-04-2025 22:38:56 [TestNG-test=parallel pom-5] LogUtils - Click on element By.xpath: (//section[@class='mb-4 gry-bg']//div[@class='shadow-sm bg-white p-4 rounded mb-4']/div/div)[1]
[INFO] 17-04-2025 22:38:57 [TestNG-test=parallel pom-5] LogUtils - Click on element By.xpath: //section[@class='mb-4 gry-bg']//div[@class='col-md-6 text-center text-md-right']/button
[INFO] 17-04-2025 22:38:57 [TestNG-test=parallel pom-2] LogUtils - Screenshot taken: Update profile Page
[INFO] 17-04-2025 22:38:57 [TestNG-test=parallel pom-4] LogUtils - Click on element By.xpath: //form[@id='search-form']/div//div/h3/a
[INFO] 17-04-2025 22:38:57 [TestNG-test=parallel pom-2] LogUtils - Screenshot taken current URL: https://cms.anhtester.com/profile
[INFO] 17-04-2025 22:38:57 [TestNG-test=parallel pom-4] LogUtils - Click on element By.xpath: (//button[@class='btn btn-soft-primary mr-2 add-to-cart fw-600'])[1]
[INFO] 17-04-2025 22:38:57 [TestNG-test=parallel pom-2] LogUtils - Click on element By.xpath: (//div[@class='card-body']/div[1])/div/input
[INFO] 17-04-2025 22:38:57 [TestNG-test=parallel pom-2] LogUtils - Click on element By.xpath: (//div[@class='card-body']/div[2])/div/input
[INFO] 17-04-2025 22:38:57 [TestNG-test=parallel pom-1] LogUtils - Screenshot taken: loginCMSFail
[INFO] 17-04-2025 22:38:57 [TestNG-test=parallel pom-1] LogUtils - Screenshot taken current URL: https://cms.anhtester.com/users/login
[INFO] 17-04-2025 22:38:57 [TestNG-test=parallel pom-2] LogUtils - Click on element By.xpath: (//div[@class='card-body']/div[3])//div[contains(text(),'Browse')]
[INFO] 17-04-2025 22:38:57 [TestNG-test=parallel pom-4] LogUtils - Click on element By.xpath: //div[@id='modal-size']/div/button[@aria-label='Close']
[INFO] 17-04-2025 22:38:58 [TestNG-test=parallel pom-4] LogUtils - Click on element By.xpath: //input[@id='search']
[INFO] 17-04-2025 22:38:58 [TestNG-test=parallel pom-5] LogUtils - Click on element By.xpath: (//section[@class='py-4 gry-bg']//form//div[2])/button
[INFO] 17-04-2025 22:38:58 [TestNG-test=parallel pom-3] LogUtils - Click on element By.xpath: //form[@id='search-form']/div//div/h3/a
[INFO] 17-04-2025 22:38:58 [TestNG-test=parallel pom-2] LogUtils - Click on element By.xpath: //div[@id='aizUploaderModal']//a[normalize-space()='Upload New']
[INFO] 17-04-2025 22:38:58 [TestNG-test=parallel pom-4] LogUtils - Set text Hoodie on element By.xpath: //input[@id='search']
[INFO] 17-04-2025 22:38:58 [TestNG-test=parallel pom-3] LogUtils - Get text Hoodie on element By.xpath: //section[@class='mb-4 pt-3']//div[@class='col-xl-7 col-lg-6']//h1[@class='mb-2 fs-20 fw-600']
[INFO] 17-04-2025 22:38:59 [TestNG-test=parallel pom-3] LogUtils - Get text $123.00 on element By.xpath: //div[@class='product-price']/strong[@id='chosen_price']
[INFO] 17-04-2025 22:38:59 [TestNG-test=parallel pom-2] LogUtils - Set text /Users/sam/Documents/LearnProject/Du-An-Auto-Selenium/src/test/resources/FileImage/samcuptest1.png on element By.xpath: //input[@class='uppy-Dashboard-input']
[INFO] 17-04-2025 22:38:59 [TestNG-test=parallel pom-3] LogUtils - Get text 77 on element By.xpath: //div[@class='avialable-amount opacity-60']/span[@id='available-quantity']
[INFO] 17-04-2025 22:38:59 [TestNG-test=parallel pom-2] LogUtils - Click on element By.xpath: //div[@id='aizUploaderModal']//div/div[3]/button
[INFO] 17-04-2025 22:38:59 [TestNG-test=parallel pom-4] LogUtils - Click on element By.xpath: (//button[@type='submit'])[1]
[INFO] 17-04-2025 22:38:59 [TestNG-test=parallel pom-5] LogUtils - Click on element By.xpath: //input[@id='agree_checkbox']/following-sibling::span[1]
[INFO] 17-04-2025 22:38:59 [TestNG-test=parallel pom-5] LogUtils - Click on element By.xpath: //div[@class='row align-items-center pt-3']//div[2]/button
[INFO] 17-04-2025 22:38:59 [TestNG-test=parallel pom-3] LogUtils - set data is successful
[INFO] 17-04-2025 22:38:59 [TestNG-test=parallel pom-3] LogUtils - set data is successful
[INFO] 17-04-2025 22:38:59 [TestNG-test=parallel pom-3] LogUtils - Element By.xpath: //input[@name='attribute_id_1']/following-sibling::span existing.
[INFO] 17-04-2025 22:38:59 [TestNG-test=parallel pom-2] LogUtils - Click on element By.xpath: (//div[@class='card-body']/div[3])//div[contains(text(),'Browse')]
[INFO] 17-04-2025 22:38:59 [TestNG-test=parallel pom-3] LogUtils - Get text 22 on element By.xpath: //input[@name='attribute_id_1']/following-sibling::span
[INFO] 17-04-2025 22:38:59 [TestNG-test=parallel pom-3] LogUtils - set data is successful
[INFO] 17-04-2025 22:38:59 [TestNG-test=parallel pom-3] LogUtils - Element By.xpath: //input[@name='color'] existing.
[INFO] 17-04-2025 22:38:59 [TestNG-test=parallel pom-3] LogUtils - Get Attribute Aqua on element By.xpath: //input[@name='color']
[INFO] 17-04-2025 22:38:59 [TestNG-test=parallel pom-3] LogUtils - set data is successful
[INFO] 17-04-2025 22:38:59 [TestNG-test=parallel pom-3] LogUtils - set data is successful
[INFO] 17-04-2025 22:38:59 [TestNG-test=parallel pom-3] LogUtils - Click on element By.xpath: //input[@id='search']
[INFO] 17-04-2025 22:39:00 [TestNG-test=parallel pom-3] LogUtils - Set text Shirt on element By.xpath: //input[@id='search']
[INFO] 17-04-2025 22:39:00 [TestNG-test=parallel pom-3] LogUtils - Click on element By.xpath: (//button[@type='submit'])[1]
[INFO] 17-04-2025 22:39:00 [TestNG-test=parallel pom-2] LogUtils - Click on element By.xpath: //input[@placeholder='Search your files']
[INFO] 17-04-2025 22:39:00 [TestNG-test=parallel pom-2] LogUtils - Set text Samcuptest1 on element By.xpath: //input[@placeholder='Search your files']
[INFO] 17-04-2025 22:39:00 [TestNG-test=parallel pom-2] LogUtils - Click on element By.xpath: //div[@id='aizUploaderModal']//div/div[3]/button
[INFO] 17-04-2025 22:39:01 [TestNG-test=parallel pom-4] LogUtils - Click on element By.xpath: //form[@id='search-form']/div//div/h3/a
[INFO] 17-04-2025 22:39:01 [TestNG-test=parallel pom-2] LogUtils - Set text 123456 on element By.xpath: (//div[@class='card-body']/div[4])/div/input
[INFO] 17-04-2025 22:39:01 [TestNG-test=parallel pom-4] LogUtils - Click on element By.xpath: (//button[@class='btn btn-soft-primary mr-2 add-to-cart fw-600'])[1]
[INFO] 17-04-2025 22:39:01 [TestNG-test=parallel pom-1] LogUtils - Click on element By.xpath: //div[@class='modal-content position-relative border-0 rounded-0']/button
[INFO] 17-04-2025 22:39:01 [TestNG-test=parallel pom-2] LogUtils - Set text 123456 on element By.xpath: (//div[@class='card-body']/div[5])/div/input
[INFO] 17-04-2025 22:39:01 [TestNG-test=parallel pom-2] LogUtils - Click on element By.xpath: //div/button[normalize-space()='Update Profile']
[INFO] 17-04-2025 22:39:01 [TestNG-test=parallel pom-1] LogUtils - Set text customer@example.com on element By.xpath: //input[@id='email']
[INFO] 17-04-2025 22:39:01 [TestNG-test=parallel pom-4] LogUtils - Click on element By.xpath: //div[@id='modal-size']/div/button[@aria-label='Close']
[INFO] 17-04-2025 22:39:01 [TestNG-test=parallel pom-1] LogUtils - Set text 1212321 on element By.xpath: //input[@id='password']
[INFO] 17-04-2025 22:39:01 [TestNG-test=parallel pom-1] LogUtils - Click on element By.xpath: //button[normalize-space()='Login']
[INFO] 17-04-2025 22:39:02 [TestNG-test=parallel pom-4] LogUtils - Click on element By.xpath: //div[@id='cart_items']
[INFO] 17-04-2025 22:39:02 [TestNG-test=parallel pom-3] LogUtils - Click on element By.xpath: //form[@id='search-form']/div//div/h3/a
[INFO] 17-04-2025 22:39:02 [TestNG-test=parallel pom-3] LogUtils - Get text Shirt on element By.xpath: //section[@class='mb-4 pt-3']//div[@class='col-xl-7 col-lg-6']//h1[@class='mb-2 fs-20 fw-600']
[INFO] 17-04-2025 22:39:02 [TestNG-test=parallel pom-3] LogUtils - Get text $124.00 on element By.xpath: //div[@class='product-price']/strong[@id='chosen_price']
[INFO] 17-04-2025 22:39:02 [TestNG-test=parallel pom-4] LogUtils - Click on element By.xpath: //div[contains(@class, 'px-3 py-2 text-center border-top')]//a[contains(text(), 'View cart')]
[INFO] 17-04-2025 22:39:02 [TestNG-test=parallel pom-4] LogUtils - Element By.xpath: //section[@id='cart-summary']//child::div[@class='mb-4']/ul/li existing.
[INFO] 17-04-2025 22:39:03 [TestNG-test=parallel pom-3] LogUtils - Get text 78 on element By.xpath: //div[@class='avialable-amount opacity-60']/span[@id='available-quantity']
[INFO] 17-04-2025 22:39:03 [TestNG-test=parallel pom-1] LogUtils - Screenshot taken: loginCMSFail
[INFO] 17-04-2025 22:39:03 [TestNG-test=parallel pom-1] LogUtils - Screenshot taken current URL: https://cms.anhtester.com/users/login
[INFO] 17-04-2025 22:39:03 [TestNG-test=parallel pom-3] LogUtils - set data is successful
[INFO] 17-04-2025 22:39:03 [TestNG-test=parallel pom-3] LogUtils - set data is successful
[INFO] 17-04-2025 22:39:03 [TestNG-test=parallel pom-3] LogUtils - Element By.xpath: //input[@name='attribute_id_1']/following-sibling::span NOT exist.
[INFO] 17-04-2025 22:39:03 [TestNG-test=parallel pom-3] LogUtils - Element By.xpath: //input[@name='color'] NOT exist.
[INFO] 17-04-2025 22:39:03 [TestNG-test=parallel pom-3] LogUtils - set data is successful
[INFO] 17-04-2025 22:39:04 [TestNG-test=parallel pom-5] LogUtils - Get text Thank You for Your Order! on element By.xpath: //section[@class='py-4']//div/h1
[INFO] 17-04-2025 22:39:04 [TestNG-test=parallel pom-5] LogUtils - Get text 20250417-22390022 on element By.xpath: (//div[@class='card-body']/div[1])/h2/span
[INFO] 17-04-2025 22:39:05 [TestNG-test=parallel pom-1] LogUtils - Click on element By.xpath: //div[@class='modal-content position-relative border-0 rounded-0']/button
[INFO] 17-04-2025 22:39:05 [TestNG-test=parallel pom-1] LogUtils - Set text customer@example.com on element By.xpath: //input[@id='email']
[INFO] 17-04-2025 22:39:06 [TestNG-test=parallel pom-1] LogUtils - Set text 123456 on element By.xpath: //input[@id='password']
[INFO] 17-04-2025 22:39:06 [TestNG-test=parallel pom-1] LogUtils - Click on element By.xpath: //button[normalize-space()='Login']
[INFO] 29-04-2025 22:22:16 [TestNG-test=parallel pom-2] LogUtils - Set text customer@example.com on element By.xpath: //input[@id='email']
[INFO] 29-04-2025 22:22:16 [TestNG-test=parallel pom-5] LogUtils - Set text customer@example.com on element By.xpath: //input[@id='email']
[INFO] 29-04-2025 22:22:16 [TestNG-test=parallel pom-3] LogUtils - Set text customer@example.com on element By.xpath: //input[@id='email']
[INFO] 29-04-2025 22:22:16 [TestNG-test=parallel pom-3] LogUtils - Set text 123456 on element By.xpath: //input[@id='password']
[INFO] 29-04-2025 22:22:16 [TestNG-test=parallel pom-5] LogUtils - Set text 123456 on element By.xpath: //input[@id='password']
[INFO] 29-04-2025 22:22:16 [TestNG-test=parallel pom-4] LogUtils - Set text customer@example.com on element By.xpath: //input[@id='email']
[INFO] 29-04-2025 22:22:16 [TestNG-test=parallel pom-2] LogUtils - Set text 123456 on element By.xpath: //input[@id='password']
[INFO] 29-04-2025 22:22:16 [TestNG-test=parallel pom-2] LogUtils - Click on element By.xpath: //button[normalize-space()='Login']
[INFO] 29-04-2025 22:22:16 [TestNG-test=parallel pom-4] LogUtils - Set text 123456 on element By.xpath: //input[@id='password']
[INFO] 29-04-2025 22:22:17 [TestNG-test=parallel pom-3] LogUtils - Click on element By.xpath: //button[normalize-space()='Login']
[INFO] 29-04-2025 22:22:17 [TestNG-test=parallel pom-5] LogUtils - Click on element By.xpath: //button[normalize-space()='Login']
[INFO] 29-04-2025 22:22:17 [TestNG-test=parallel pom-5] LogUtils - Click on element By.xpath: //div[@id='cart_items']
[INFO] 29-04-2025 22:22:17 [TestNG-test=parallel pom-3] LogUtils - set data is successful
[INFO] 29-04-2025 22:22:17 [TestNG-test=parallel pom-3] LogUtils - set data is successful
[INFO] 29-04-2025 22:22:17 [TestNG-test=parallel pom-4] LogUtils - Click on element By.xpath: //button[normalize-space()='Login']
[INFO] 29-04-2025 22:22:17 [TestNG-test=parallel pom-4] LogUtils - Click on element By.xpath: //input[@id='search']
[INFO] 29-04-2025 22:22:17 [TestNG-test=parallel pom-3] LogUtils - set data is successful
[INFO] 29-04-2025 22:22:17 [TestNG-test=parallel pom-3] LogUtils - set data is successful
[INFO] 29-04-2025 22:22:18 [TestNG-test=parallel pom-1] LogUtils - Click on element By.xpath: //div[@class='modal-content position-relative border-0 rounded-0']/button
[ERROR] 29-04-2025 22:22:18 [TestNG-test=parallel pom-1] LogUtils - The supplied file was empty (zero bytes long)
[INFO] 29-04-2025 22:22:18 [TestNG-test=parallel pom-3] LogUtils - set data is successful
[INFO] 29-04-2025 22:22:18 [TestNG-test=parallel pom-3] LogUtils - Click on element By.xpath: //input[@id='search']
[ERROR] 29-04-2025 22:22:18 [TestNG-test=parallel pom-1] LogUtils - Exception while taking screenshot: Cannot invoke "org.openqa.selenium.TakesScreenshot.getScreenshotAs(org.openqa.selenium.OutputType)" because "ts" is null
[INFO] 29-04-2025 22:22:18 [TestNG-test=parallel pom-5] LogUtils - Click on element By.xpath: //div[contains(@class, 'px-3 py-2 text-center border-top')]//a[contains(text(), 'View cart')]
[INFO] 29-04-2025 22:22:18 [TestNG-test=parallel pom-4] LogUtils - Set text Shirt on element By.xpath: //input[@id='search']
[INFO] 29-04-2025 22:22:18 [TestNG-test=parallel pom-3] LogUtils - Set text Hoodie on element By.xpath: //input[@id='search']
[INFO] 29-04-2025 22:22:18 [TestNG-test=parallel pom-2] LogUtils - Click on element By.xpath: (//div[@class='sidemnenu mb-3']/ul/li)[7]
[INFO] 29-04-2025 22:22:18 [TestNG-test=parallel pom-3] LogUtils - Click on element By.xpath: (//button[@type='submit'])[1]
[INFO] 29-04-2025 22:22:18 [TestNG-test=parallel pom-2] LogUtils - Screenshot taken: Update profile Page
[INFO] 29-04-2025 22:22:18 [TestNG-test=parallel pom-2] LogUtils - Screenshot taken current URL: https://cms.anhtester.com/profile
[INFO] 29-04-2025 22:22:19 [TestNG-test=parallel pom-2] LogUtils - Click on element By.xpath: (//div[@class='card-body']/div[1])/div/input
[INFO] 29-04-2025 22:22:19 [TestNG-test=parallel pom-5] LogUtils - Click on element By.xpath: //section[@id='cart-summary']//div[@class='col-md-6 text-center text-md-right']/a
[INFO] 29-04-2025 22:22:19 [TestNG-test=parallel pom-2] LogUtils - Click on element By.xpath: (//div[@class='card-body']/div[2])/div/input
[INFO] 29-04-2025 22:22:19 [TestNG-test=parallel pom-5] LogUtils - Click on element By.xpath: (//section[@class='mb-4 gry-bg']//div[@class='shadow-sm bg-white p-4 rounded mb-4']/div/div)[1]
[INFO] 29-04-2025 22:22:19 [TestNG-test=parallel pom-4] LogUtils - Click on element By.xpath: (//button[@type='submit'])[1]
[INFO] 29-04-2025 22:22:19 [TestNG-test=parallel pom-5] LogUtils - Click on element By.xpath: //section[@class='mb-4 gry-bg']//div[@class='col-md-6 text-center text-md-right']/button
[INFO] 29-04-2025 22:22:19 [TestNG-test=parallel pom-2] LogUtils - Click on element By.xpath: (//div[@class='card-body']/div[3])//div[contains(text(),'Browse')]
[INFO] 29-04-2025 22:22:20 [TestNG-test=parallel pom-5] LogUtils - Click on element By.xpath: (//section[@class='py-4 gry-bg']//form//div[2])/button
[INFO] 29-04-2025 22:22:20 [TestNG-test=parallel pom-4] LogUtils - Click on element By.xpath: //form[@id='search-form']/div//div/h3/a
[INFO] 29-04-2025 22:22:20 [TestNG-test=parallel pom-4] LogUtils - Click on element By.xpath: (//button[@class='btn btn-soft-primary mr-2 add-to-cart fw-600'])[1]
[INFO] 29-04-2025 22:22:20 [TestNG-test=parallel pom-2] LogUtils - Click on element By.xpath: //div[@id='aizUploaderModal']//a[normalize-space()='Upload New']
[INFO] 29-04-2025 22:22:20 [TestNG-test=parallel pom-3] LogUtils - Click on element By.xpath: //form[@id='search-form']/div//div/h3/a
[INFO] 29-04-2025 22:22:21 [TestNG-test=parallel pom-2] LogUtils - Set text /Users/sam/Documents/LearnProject/Du-An-Auto-Selenium/src/test/resources/FileImage/samcuptest1.png on element By.xpath: //input[@class='uppy-Dashboard-input']
[INFO] 29-04-2025 22:22:21 [TestNG-test=parallel pom-4] LogUtils - Click on element By.xpath: //div[@id='modal-size']/div/button[@aria-label='Close']
[INFO] 29-04-2025 22:22:21 [TestNG-test=parallel pom-5] LogUtils - Click on element By.xpath: //input[@id='agree_checkbox']/following-sibling::span[1]
[INFO] 29-04-2025 22:22:21 [TestNG-test=parallel pom-2] LogUtils - Click on element By.xpath: //div[@id='aizUploaderModal']//div/div[3]/button
[INFO] 29-04-2025 22:22:21 [TestNG-test=parallel pom-3] LogUtils - Get text Hoodie on element By.xpath: //section[@class='mb-4 pt-3']//div[@class='col-xl-7 col-lg-6']//h1[@class='mb-2 fs-20 fw-600']
[INFO] 29-04-2025 22:22:21 [TestNG-test=parallel pom-5] LogUtils - Click on element By.xpath: //div[@class='row align-items-center pt-3']//div[2]/button
[INFO] 29-04-2025 22:22:21 [TestNG-test=parallel pom-1] LogUtils - Click on element By.xpath: //div[@class='modal-content position-relative border-0 rounded-0']/button
[INFO] 29-04-2025 22:22:21 [TestNG-test=parallel pom-4] LogUtils - Click on element By.xpath: //input[@id='search']
[INFO] 29-04-2025 22:22:21 [TestNG-test=parallel pom-2] LogUtils - Click on element By.xpath: (//div[@class='card-body']/div[3])//div[contains(text(),'Browse')]
[INFO] 29-04-2025 22:22:21 [TestNG-test=parallel pom-3] LogUtils - Get text $123.00 on element By.xpath: //div[@class='product-price']/strong[@id='chosen_price']
[INFO] 29-04-2025 22:22:21 [TestNG-test=parallel pom-4] LogUtils - Set text Hoodie on element By.xpath: //input[@id='search']
[INFO] 29-04-2025 22:22:22 [TestNG-test=parallel pom-3] LogUtils - Get text 76 on element By.xpath: //div[@class='avialable-amount opacity-60']/span[@id='available-quantity']
[INFO] 29-04-2025 22:22:22 [TestNG-test=parallel pom-4] LogUtils - Click on element By.xpath: (//button[@type='submit'])[1]
[INFO] 29-04-2025 22:22:22 [TestNG-test=parallel pom-1] LogUtils - Set text customer@example.com on element By.xpath: //input[@id='email']
[INFO] 29-04-2025 22:22:22 [TestNG-test=parallel pom-3] LogUtils - set data is successful
[INFO] 29-04-2025 22:22:22 [TestNG-test=parallel pom-3] LogUtils - set data is successful
[INFO] 29-04-2025 22:22:22 [TestNG-test=parallel pom-3] LogUtils - Element By.xpath: //input[@name='attribute_id_1']/following-sibling::span existing.
[INFO] 29-04-2025 22:22:22 [TestNG-test=parallel pom-2] LogUtils - Click on element By.xpath: //input[@placeholder='Search your files']
[INFO] 29-04-2025 22:22:22 [TestNG-test=parallel pom-2] LogUtils - Set text Samcuptest1 on element By.xpath: //input[@placeholder='Search your files']
[INFO] 29-04-2025 22:22:22 [TestNG-test=parallel pom-1] LogUtils - Set text 1212321 on element By.xpath: //input[@id='password']
[INFO] 29-04-2025 22:22:22 [TestNG-test=parallel pom-1] LogUtils - Click on element By.xpath: //button[normalize-space()='Login']
[INFO] 29-04-2025 22:22:22 [TestNG-test=parallel pom-3] LogUtils - Get text 22 on element By.xpath: //input[@name='attribute_id_1']/following-sibling::span
[INFO] 29-04-2025 22:22:22 [TestNG-test=parallel pom-3] LogUtils - set data is successful
[INFO] 29-04-2025 22:22:22 [TestNG-test=parallel pom-3] LogUtils - Element By.xpath: //input[@name='color'] existing.
[INFO] 29-04-2025 22:22:22 [TestNG-test=parallel pom-3] LogUtils - Get Attribute Aqua on element By.xpath: //input[@name='color']
[INFO] 29-04-2025 22:22:22 [TestNG-test=parallel pom-3] LogUtils - set data is successful
[INFO] 29-04-2025 22:22:22 [TestNG-test=parallel pom-3] LogUtils - set data is successful
[INFO] 29-04-2025 22:22:22 [TestNG-test=parallel pom-3] LogUtils - Click on element By.xpath: //input[@id='search']
[INFO] 29-04-2025 22:22:23 [TestNG-test=parallel pom-3] LogUtils - Set text Shirt on element By.xpath: //input[@id='search']
[INFO] 29-04-2025 22:22:23 [TestNG-test=parallel pom-2] LogUtils - Click on element By.xpath: //div[@id='aizUploaderModal']//div/div[3]/button
[INFO] 29-04-2025 22:22:23 [TestNG-test=parallel pom-3] LogUtils - Click on element By.xpath: (//button[@type='submit'])[1]
[INFO] 29-04-2025 22:22:23 [TestNG-test=parallel pom-2] LogUtils - Set text 123456 on element By.xpath: (//div[@class='card-body']/div[4])/div/input
[INFO] 29-04-2025 22:22:23 [TestNG-test=parallel pom-2] LogUtils - Set text 123456 on element By.xpath: (//div[@class='card-body']/div[5])/div/input
[INFO] 29-04-2025 22:22:23 [TestNG-test=parallel pom-4] LogUtils - Click on element By.xpath: //form[@id='search-form']/div//div/h3/a
[INFO] 29-04-2025 22:22:24 [TestNG-test=parallel pom-1] LogUtils - Screenshot taken: loginCMSFail
[INFO] 29-04-2025 22:22:24 [TestNG-test=parallel pom-1] LogUtils - Screenshot taken current URL: https://cms.anhtester.com/users/login
[INFO] 29-04-2025 22:22:24 [TestNG-test=parallel pom-4] LogUtils - Click on element By.xpath: (//button[@class='btn btn-soft-primary mr-2 add-to-cart fw-600'])[1]
[INFO] 29-04-2025 22:22:24 [TestNG-test=parallel pom-4] LogUtils - Click on element By.xpath: //div[@id='modal-size']/div/button[@aria-label='Close']
[INFO] 29-04-2025 22:22:24 [TestNG-test=parallel pom-3] LogUtils - Click on element By.xpath: //form[@id='search-form']/div//div/h3/a
[INFO] 29-04-2025 22:22:24 [TestNG-test=parallel pom-2] LogUtils - Click on element By.xpath: //div/button[normalize-space()='Update Profile']
[INFO] 29-04-2025 22:22:25 [TestNG-test=parallel pom-4] LogUtils - Click on element By.xpath: //div[@id='cart_items']
[INFO] 29-04-2025 22:22:25 [TestNG-test=parallel pom-5] LogUtils - Get text Thank You for Your Order! on element By.xpath: //section[@class='py-4']//div/h1
[INFO] 29-04-2025 22:22:25 [TestNG-test=parallel pom-3] LogUtils - Get text Shirt on element By.xpath: //section[@class='mb-4 pt-3']//div[@class='col-xl-7 col-lg-6']//h1[@class='mb-2 fs-20 fw-600']
[INFO] 29-04-2025 22:22:25 [TestNG-test=parallel pom-5] LogUtils - Get text 20250429-22222153 on element By.xpath: (//div[@class='card-body']/div[1])/h2/span
[INFO] 29-04-2025 22:22:25 [TestNG-test=parallel pom-3] LogUtils - Get text $124.00 on element By.xpath: //div[@class='product-price']/strong[@id='chosen_price']
[INFO] 29-04-2025 22:22:25 [TestNG-test=parallel pom-3] LogUtils - Get text 77 on element By.xpath: //div[@class='avialable-amount opacity-60']/span[@id='available-quantity']
[INFO] 29-04-2025 22:22:25 [TestNG-test=parallel pom-3] LogUtils - set data is successful
[INFO] 29-04-2025 22:22:25 [TestNG-test=parallel pom-3] LogUtils - set data is successful
[INFO] 29-04-2025 22:22:25 [TestNG-test=parallel pom-3] LogUtils - Element By.xpath: //input[@name='attribute_id_1']/following-sibling::span NOT exist.
[INFO] 29-04-2025 22:22:25 [TestNG-test=parallel pom-3] LogUtils - Element By.xpath: //input[@name='color'] NOT exist.
[INFO] 29-04-2025 22:22:25 [TestNG-test=parallel pom-3] LogUtils - set data is successful
[INFO] 29-04-2025 22:22:26 [TestNG-test=parallel pom-4] LogUtils - Click on element By.xpath: //div[contains(@class, 'px-3 py-2 text-center border-top')]//a[contains(text(), 'View cart')]
[INFO] 29-04-2025 22:22:26 [TestNG-test=parallel pom-4] LogUtils - Element By.xpath: //section[@id='cart-summary']//child::div[@class='mb-4']/ul/li existing.
[INFO] 29-04-2025 22:22:27 [TestNG-test=parallel pom-1] LogUtils - Click on element By.xpath: //div[@class='modal-content position-relative border-0 rounded-0']/button
[INFO] 29-04-2025 22:22:27 [TestNG-test=parallel pom-1] LogUtils - Set text customer@example.com on element By.xpath: //input[@id='email']
[INFO] 29-04-2025 22:22:27 [TestNG-test=parallel pom-1] LogUtils - Set text 123456 on element By.xpath: //input[@id='password']
[INFO] 29-04-2025 22:22:27 [TestNG-test=parallel pom-1] LogUtils - Click on element By.xpath: //button[normalize-space()='Login']
